<?xml version="1.0" encoding="UTF-8"?>
<testsuite xmlns:xsi="http://www.w3.org/2001/XMLSchema-instance" xsi:noNamespaceSchemaLocation="https://maven.apache.org/surefire/maven-surefire-plugin/xsd/surefire-test-report.xsd" version="3.0.2" name="com.order.OrderApplicationTests" time="73.172" tests="1" errors="0" skipped="0" failures="0">
  <properties>
[...]
</properties>
  <testcase name="contextLoads" classname="com.order.OrderApplicationTests" time="3.862">
    <system-out><![CDATA[12:20:51.526 [main] INFO org.springframework.test.context.support.AnnotationConfigContextLoaderUtils -- Could not detect default configuration classes for test class [com.order.OrderApplicationTests]: OrderApplicationTests does not declare any static, non-private, non-final, nested classes annotated with @Configuration.
12:20:51.846 [main] INFO org.springframework.boot.test.context.SpringBootTestContextBootstrapper -- Found @SpringBootConfiguration com.order.OrderApplication for test class com.order.OrderApplicationTests

  .   ____          _            __ _ _
 /\\ / ___'_ __ _ _(_)_ __  __ _ \ \ \ \
( ( )\___ | '_ | '_| | '_ \/ _` | \ \ \ \
 \\/  ___)| |_)| | | | | || (_| |  ) ) ) )
  '  |____| .__|_| |_|_| |_\__, | / / / /
 =========|_|==============|___/=/_/_/_/

 :: Spring Boot ::                (v3.5.7)

2026-01-26T12:20:54.641+05:30  INFO 17944 --- [Order] [           main] com.order.OrderApplicationTests          : Starting OrderApplicationTests using Java 21.0.3 with PID 17944 (started by Dell in D:\STS\SPRING_PROJECT\Order)
2026-01-26T12:20:54.672+05:30  INFO 17944 --- [Order] [           main] com.order.OrderApplicationTests          : No active profile set, falling back to 1 default profile: "default"
2026-01-26T12:20:58.887+05:30  INFO 17944 --- [Order] [           main] .s.d.r.c.RepositoryConfigurationDelegate : Bootstrapping Spring Data JPA repositories in DEFAULT mode.
2026-01-26T12:20:59.146+05:30  INFO 17944 --- [Order] [           main] .s.d.r.c.RepositoryConfigurationDelegate : Finished Spring Data repository scanning in 200 ms. Found 2 JPA repository interfaces.
2026-01-26T12:20:59.955+05:30  INFO 17944 --- [Order] [           main] o.s.cloud.context.scope.GenericScope     : BeanFactory id=bce5cf27-0e2e-380c-99e6-6ccf4f2d5ae4
2026-01-26T12:21:02.290+05:30  INFO 17944 --- [Order] [           main] o.hibernate.jpa.internal.util.LogHelper  : HHH000204: Processing PersistenceUnitInfo [name: default]
2026-01-26T12:21:02.565+05:30  INFO 17944 --- [Order] [           main] org.hibernate.Version                    : HHH000412: Hibernate ORM core version 6.6.33.Final
2026-01-26T12:21:02.724+05:30  INFO 17944 --- [Order] [           main] o.h.c.internal.RegionFactoryInitiator    : HHH000026: Second-level cache disabled
2026-01-26T12:21:04.648+05:30  INFO 17944 --- [Order] [           main] o.s.o.j.p.SpringPersistenceUnitInfo      : No LoadTimeWeaver setup: ignoring JPA class transformer
2026-01-26T12:21:04.733+05:30  INFO 17944 --- [Order] [           main] com.zaxxer.hikari.HikariDataSource       : HikariPool-1 - Starting...
2026-01-26T12:21:06.365+05:30  INFO 17944 --- [Order] [           main] com.zaxxer.hikari.pool.HikariPool        : HikariPool-1 - Added connection com.mysql.cj.jdbc.ConnectionImpl@4a49919c
2026-01-26T12:21:06.374+05:30  INFO 17944 --- [Order] [           main] com.zaxxer.hikari.HikariDataSource       : HikariPool-1 - Start completed.
2026-01-26T12:21:06.824+05:30  INFO 17944 --- [Order] [           main] org.hibernate.orm.connections.pooling    : HHH10001005: Database info:
	Database JDBC URL [Connecting through datasource 'HikariDataSource (HikariPool-1)']
	Database driver: undefined/unknown
	Database version: 8.0.39
	Autocommit mode: undefined/unknown
	Isolation level: undefined/unknown
	Minimum pool size: undefined/unknown
	Maximum pool size: undefined/unknown
2026-01-26T12:21:12.239+05:30  INFO 17944 --- [Order] [           main] o.h.e.t.j.p.i.JtaPlatformInitiator       : HHH000489: No JTA platform available (set 'hibernate.transaction.jta.platform' to enable JTA platform integration)
2026-01-26T12:21:12.558+05:30  INFO 17944 --- [Order] [           main] j.LocalContainerEntityManagerFactoryBean : Initialized JPA EntityManagerFactory for persistence unit 'default'
2026-01-26T12:21:14.156+05:30  WARN 17944 --- [Order] [           main] JpaBaseConfiguration$JpaWebConfiguration : spring.jpa.open-in-view is enabled by default. Therefore, database queries may be performed during view rendering. Explicitly configure spring.jpa.open-in-view to disable this warning
2026-01-26T12:21:19.216+05:30  INFO 17944 --- [Order] [           main] o.s.b.a.e.web.EndpointLinksResolver      : Exposing 1 endpoint beneath base path '/actuator'
2026-01-26T12:21:19.526+05:30  INFO 17944 --- [Order] [           main] o.a.k.clients.admin.AdminClientConfig    : AdminClientConfig values: 
	auto.include.jmx.reporter = true
	bootstrap.controllers = []
	bootstrap.servers = [localhost:9092]
	client.dns.lookup = use_all_dns_ips
	client.id = Order-admin-0
	connections.max.idle.ms = 300000
	default.api.timeout.ms = 60000
	enable.metrics.push = true
	metadata.max.age.ms = 300000
	metadata.recovery.strategy = none
	metric.reporters = []
	metrics.num.samples = 2
	metrics.recording.level = INFO
	metrics.sample.window.ms = 30000
	receive.buffer.bytes = 65536
	reconnect.backoff.max.ms = 1000
	reconnect.backoff.ms = 50
	request.timeout.ms = 30000
	retries = 2147483647
	retry.backoff.max.ms = 1000
	retry.backoff.ms = 100
	sasl.client.callback.handler.class = null
	sasl.jaas.config = null
	sasl.kerberos.kinit.cmd = /usr/bin/kinit
	sasl.kerberos.min.time.before.relogin = 60000
	sasl.kerberos.service.name = null
	sasl.kerberos.ticket.renew.jitter = 0.05
	sasl.kerberos.ticket.renew.window.factor = 0.8
	sasl.login.callback.handler.class = null
	sasl.login.class = null
	sasl.login.connect.timeout.ms = null
	sasl.login.read.timeout.ms = null
	sasl.login.refresh.buffer.seconds = 300
	sasl.login.refresh.min.period.seconds = 60
	sasl.login.refresh.window.factor = 0.8
	sasl.login.refresh.window.jitter = 0.05
	sasl.login.retry.backoff.max.ms = 10000
	sasl.login.retry.backoff.ms = 100
	sasl.mechanism = GSSAPI
	sasl.oauthbearer.clock.skew.seconds = 30
	sasl.oauthbearer.expected.audience = null
	sasl.oauthbearer.expected.issuer = null
	sasl.oauthbearer.header.urlencode = false
	sasl.oauthbearer.jwks.endpoint.refresh.ms = 3600000
	sasl.oauthbearer.jwks.endpoint.retry.backoff.max.ms = 10000
	sasl.oauthbearer.jwks.endpoint.retry.backoff.ms = 100
	sasl.oauthbearer.jwks.endpoint.url = null
	sasl.oauthbearer.scope.claim.name = scope
	sasl.oauthbearer.sub.claim.name = sub
	sasl.oauthbearer.token.endpoint.url = null
	security.protocol = PLAINTEXT
	security.providers = null
	send.buffer.bytes = 131072
	socket.connection.setup.timeout.max.ms = 30000
	socket.connection.setup.timeout.ms = 10000
	ssl.cipher.suites = null
	ssl.enabled.protocols = [TLSv1.2, TLSv1.3]
	ssl.endpoint.identification.algorithm = https
	ssl.engine.factory.class = null
	ssl.key.password = null
	ssl.keymanager.algorithm = SunX509
	ssl.keystore.certificate.chain = null
	ssl.keystore.key = null
	ssl.keystore.location = null
	ssl.keystore.password = null
	ssl.keystore.type = JKS
	ssl.protocol = TLSv1.3
	ssl.provider = null
	ssl.secure.random.implementation = null
	ssl.trustmanager.algorithm = PKIX
	ssl.truststore.certificates = null
	ssl.truststore.location = null
	ssl.truststore.password = null
	ssl.truststore.type = JKS

2026-01-26T12:21:20.333+05:30  INFO 17944 --- [Order] [           main] o.a.kafka.common.utils.AppInfoParser     : Kafka version: 3.9.1
2026-01-26T12:21:20.333+05:30  INFO 17944 --- [Order] [           main] o.a.kafka.common.utils.AppInfoParser     : Kafka commitId: f745dfdcee2b9851
2026-01-26T12:21:20.333+05:30  INFO 17944 --- [Order] [           main] o.a.kafka.common.utils.AppInfoParser     : Kafka startTimeMs: 1769410280333
2026-01-26T12:21:20.398+05:30  INFO 17944 --- [Order] [| Order-admin-0] org.apache.kafka.clients.NetworkClient   : [AdminClient clientId=Order-admin-0] Node -1 disconnected.
2026-01-26T12:21:20.398+05:30  WARN 17944 --- [Order] [| Order-admin-0] org.apache.kafka.clients.NetworkClient   : [AdminClient clientId=Order-admin-0] Connection to node -1 (localhost/127.0.0.1:9092) could not be established. Node may not be available.
2026-01-26T12:21:20.511+05:30  INFO 17944 --- [Order] [| Order-admin-0] org.apache.kafka.clients.NetworkClient   : [AdminClient clientId=Order-admin-0] Node -1 disconnected.
2026-01-26T12:21:20.511+05:30  WARN 17944 --- [Order] [| Order-admin-0] org.apache.kafka.clients.NetworkClient   : [AdminClient clientId=Order-admin-0] Connection to node -1 (localhost/127.0.0.1:9092) could not be established. Node may not be available.
2026-01-26T12:21:20.737+05:30  INFO 17944 --- [Order] [| Order-admin-0] org.apache.kafka.clients.NetworkClient   : [AdminClient clientId=Order-admin-0] Node -1 disconnected.
2026-01-26T12:21:20.737+05:30  WARN 17944 --- [Order] [| Order-admin-0] org.apache.kafka.clients.NetworkClient   : [AdminClient clientId=Order-admin-0] Connection to node -1 (localhost/127.0.0.1:9092) could not be established. Node may not be available.
2026-01-26T12:21:20.960+05:30  INFO 17944 --- [Order] [| Order-admin-0] org.apache.kafka.clients.NetworkClient   : [AdminClient clientId=Order-admin-0] Node -1 disconnected.
2026-01-26T12:21:20.962+05:30  WARN 17944 --- [Order] [| Order-admin-0] org.apache.kafka.clients.NetworkClient   : [AdminClient clientId=Order-admin-0] Connection to node -1 (localhost/127.0.0.1:9092) could not be established. Node may not be available.
2026-01-26T12:21:21.404+05:30  INFO 17944 --- [Order] [| Order-admin-0] org.apache.kafka.clients.NetworkClient   : [AdminClient clientId=Order-admin-0] Node -1 disconnected.
2026-01-26T12:21:21.404+05:30  WARN 17944 --- [Order] [| Order-admin-0] org.apache.kafka.clients.NetworkClient   : [AdminClient clientId=Order-admin-0] Connection to node -1 (localhost/127.0.0.1:9092) could not be established. Node may not be available.
2026-01-26T12:21:22.187+05:30  INFO 17944 --- [Order] [| Order-admin-0] org.apache.kafka.clients.NetworkClient   : [AdminClient clientId=Order-admin-0] Node -1 disconnected.
2026-01-26T12:21:22.187+05:30  WARN 17944 --- [Order] [| Order-admin-0] org.apache.kafka.clients.NetworkClient   : [AdminClient clientId=Order-admin-0] Connection to node -1 (localhost/127.0.0.1:9092) could not be established. Node may not be available.
2026-01-26T12:21:23.202+05:30  INFO 17944 --- [Order] [| Order-admin-0] org.apache.kafka.clients.NetworkClient   : [AdminClient clientId=Order-admin-0] Node -1 disconnected.
2026-01-26T12:21:23.202+05:30  WARN 17944 --- [Order] [| Order-admin-0] org.apache.kafka.clients.NetworkClient   : [AdminClient clientId=Order-admin-0] Connection to node -1 (localhost/127.0.0.1:9092) could not be established. Node may not be available.
2026-01-26T12:21:24.219+05:30  INFO 17944 --- [Order] [| Order-admin-0] org.apache.kafka.clients.NetworkClient   : [AdminClient clientId=Order-admin-0] Node -1 disconnected.
2026-01-26T12:21:24.219+05:30  WARN 17944 --- [Order] [| Order-admin-0] org.apache.kafka.clients.NetworkClient   : [AdminClient clientId=Order-admin-0] Connection to node -1 (localhost/127.0.0.1:9092) could not be established. Node may not be available.
2026-01-26T12:21:25.229+05:30  INFO 17944 --- [Order] [| Order-admin-0] org.apache.kafka.clients.NetworkClient   : [AdminClient clientId=Order-admin-0] Node -1 disconnected.
2026-01-26T12:21:25.229+05:30  WARN 17944 --- [Order] [| Order-admin-0] org.apache.kafka.clients.NetworkClient   : [AdminClient clientId=Order-admin-0] Connection to node -1 (localhost/127.0.0.1:9092) could not be established. Node may not be available.
2026-01-26T12:21:26.242+05:30  INFO 17944 --- [Order] [| Order-admin-0] org.apache.kafka.clients.NetworkClient   : [AdminClient clientId=Order-admin-0] Node -1 disconnected.
2026-01-26T12:21:26.242+05:30  WARN 17944 --- [Order] [| Order-admin-0] org.apache.kafka.clients.NetworkClient   : [AdminClient clientId=Order-admin-0] Connection to node -1 (localhost/127.0.0.1:9092) could not be established. Node may not be available.
2026-01-26T12:21:27.143+05:30  INFO 17944 --- [Order] [| Order-admin-0] org.apache.kafka.clients.NetworkClient   : [AdminClient clientId=Order-admin-0] Node -1 disconnected.
2026-01-26T12:21:27.143+05:30  WARN 17944 --- [Order] [| Order-admin-0] org.apache.kafka.clients.NetworkClient   : [AdminClient clientId=Order-admin-0] Connection to node -1 (localhost/127.0.0.1:9092) could not be established. Node may not be available.
2026-01-26T12:21:28.158+05:30  INFO 17944 --- [Order] [| Order-admin-0] org.apache.kafka.clients.NetworkClient   : [AdminClient clientId=Order-admin-0] Node -1 disconnected.
2026-01-26T12:21:28.158+05:30  WARN 17944 --- [Order] [| Order-admin-0] org.apache.kafka.clients.NetworkClient   : [AdminClient clientId=Order-admin-0] Connection to node -1 (localhost/127.0.0.1:9092) could not be established. Node may not be available.
2026-01-26T12:21:29.172+05:30  INFO 17944 --- [Order] [| Order-admin-0] org.apache.kafka.clients.NetworkClient   : [AdminClient clientId=Order-admin-0] Node -1 disconnected.
2026-01-26T12:21:29.172+05:30  WARN 17944 --- [Order] [| Order-admin-0] org.apache.kafka.clients.NetworkClient   : [AdminClient clientId=Order-admin-0] Connection to node -1 (localhost/127.0.0.1:9092) could not be established. Node may not be available.
2026-01-26T12:21:30.185+05:30  INFO 17944 --- [Order] [| Order-admin-0] org.apache.kafka.clients.NetworkClient   : [AdminClient clientId=Order-admin-0] Node -1 disconnected.
2026-01-26T12:21:30.185+05:30  WARN 17944 --- [Order] [| Order-admin-0] org.apache.kafka.clients.NetworkClient   : [AdminClient clientId=Order-admin-0] Connection to node -1 (localhost/127.0.0.1:9092) could not be established. Node may not be available.
2026-01-26T12:21:31.073+05:30  INFO 17944 --- [Order] [| Order-admin-0] org.apache.kafka.clients.NetworkClient   : [AdminClient clientId=Order-admin-0] Node -1 disconnected.
2026-01-26T12:21:31.073+05:30  WARN 17944 --- [Order] [| Order-admin-0] org.apache.kafka.clients.NetworkClient   : [AdminClient clientId=Order-admin-0] Connection to node -1 (localhost/127.0.0.1:9092) could not be established. Node may not be available.
2026-01-26T12:21:31.969+05:30  INFO 17944 --- [Order] [| Order-admin-0] org.apache.kafka.clients.NetworkClient   : [AdminClient clientId=Order-admin-0] Node -1 disconnected.
2026-01-26T12:21:31.972+05:30  WARN 17944 --- [Order] [| Order-admin-0] org.apache.kafka.clients.NetworkClient   : [AdminClient clientId=Order-admin-0] Connection to node -1 (localhost/127.0.0.1:9092) could not be established. Node may not be available.
2026-01-26T12:21:32.970+05:30  INFO 17944 --- [Order] [| Order-admin-0] org.apache.kafka.clients.NetworkClient   : [AdminClient clientId=Order-admin-0] Node -1 disconnected.
2026-01-26T12:21:32.970+05:30  WARN 17944 --- [Order] [| Order-admin-0] org.apache.kafka.clients.NetworkClient   : [AdminClient clientId=Order-admin-0] Connection to node -1 (localhost/127.0.0.1:9092) could not be established. Node may not be available.
2026-01-26T12:21:33.984+05:30  INFO 17944 --- [Order] [| Order-admin-0] org.apache.kafka.clients.NetworkClient   : [AdminClient clientId=Order-admin-0] Node -1 disconnected.
2026-01-26T12:21:33.984+05:30  WARN 17944 --- [Order] [| Order-admin-0] org.apache.kafka.clients.NetworkClient   : [AdminClient clientId=Order-admin-0] Connection to node -1 (localhost/127.0.0.1:9092) could not be established. Node may not be available.
2026-01-26T12:21:34.995+05:30  INFO 17944 --- [Order] [| Order-admin-0] org.apache.kafka.clients.NetworkClient   : [AdminClient clientId=Order-admin-0] Node -1 disconnected.
2026-01-26T12:21:34.995+05:30  WARN 17944 --- [Order] [| Order-admin-0] org.apache.kafka.clients.NetworkClient   : [AdminClient clientId=Order-admin-0] Connection to node -1 (localhost/127.0.0.1:9092) could not be established. Node may not be available.
2026-01-26T12:21:36.010+05:30  INFO 17944 --- [Order] [| Order-admin-0] org.apache.kafka.clients.NetworkClient   : [AdminClient clientId=Order-admin-0] Node -1 disconnected.
2026-01-26T12:21:36.010+05:30  WARN 17944 --- [Order] [| Order-admin-0] org.apache.kafka.clients.NetworkClient   : [AdminClient clientId=Order-admin-0] Connection to node -1 (localhost/127.0.0.1:9092) could not be established. Node may not be available.
2026-01-26T12:21:37.024+05:30  INFO 17944 --- [Order] [| Order-admin-0] org.apache.kafka.clients.NetworkClient   : [AdminClient clientId=Order-admin-0] Node -1 disconnected.
2026-01-26T12:21:37.024+05:30  WARN 17944 --- [Order] [| Order-admin-0] org.apache.kafka.clients.NetworkClient   : [AdminClient clientId=Order-admin-0] Connection to node -1 (localhost/127.0.0.1:9092) could not be established. Node may not be available.
2026-01-26T12:21:37.926+05:30  INFO 17944 --- [Order] [| Order-admin-0] org.apache.kafka.clients.NetworkClient   : [AdminClient clientId=Order-admin-0] Node -1 disconnected.
2026-01-26T12:21:37.926+05:30  WARN 17944 --- [Order] [| Order-admin-0] org.apache.kafka.clients.NetworkClient   : [AdminClient clientId=Order-admin-0] Connection to node -1 (localhost/127.0.0.1:9092) could not be established. Node may not be available.
2026-01-26T12:21:38.940+05:30  INFO 17944 --- [Order] [| Order-admin-0] org.apache.kafka.clients.NetworkClient   : [AdminClient clientId=Order-admin-0] Node -1 disconnected.
2026-01-26T12:21:38.940+05:30  WARN 17944 --- [Order] [| Order-admin-0] org.apache.kafka.clients.NetworkClient   : [AdminClient clientId=Order-admin-0] Connection to node -1 (localhost/127.0.0.1:9092) could not be established. Node may not be available.
2026-01-26T12:21:39.956+05:30  INFO 17944 --- [Order] [| Order-admin-0] org.apache.kafka.clients.NetworkClient   : [AdminClient clientId=Order-admin-0] Node -1 disconnected.
2026-01-26T12:21:39.956+05:30  WARN 17944 --- [Order] [| Order-admin-0] org.apache.kafka.clients.NetworkClient   : [AdminClient clientId=Order-admin-0] Connection to node -1 (localhost/127.0.0.1:9092) could not be established. Node may not be available.
2026-01-26T12:21:40.961+05:30  INFO 17944 --- [Order] [| Order-admin-0] org.apache.kafka.clients.NetworkClient   : [AdminClient clientId=Order-admin-0] Node -1 disconnected.
2026-01-26T12:21:40.961+05:30  WARN 17944 --- [Order] [| Order-admin-0] org.apache.kafka.clients.NetworkClient   : [AdminClient clientId=Order-admin-0] Connection to node -1 (localhost/127.0.0.1:9092) could not be established. Node may not be available.
2026-01-26T12:21:41.969+05:30  INFO 17944 --- [Order] [| Order-admin-0] org.apache.kafka.clients.NetworkClient   : [AdminClient clientId=Order-admin-0] Node -1 disconnected.
2026-01-26T12:21:41.969+05:30  WARN 17944 --- [Order] [| Order-admin-0] org.apache.kafka.clients.NetworkClient   : [AdminClient clientId=Order-admin-0] Connection to node -1 (localhost/127.0.0.1:9092) could not be established. Node may not be available.
2026-01-26T12:21:42.863+05:30  INFO 17944 --- [Order] [| Order-admin-0] org.apache.kafka.clients.NetworkClient   : [AdminClient clientId=Order-admin-0] Node -1 disconnected.
2026-01-26T12:21:42.863+05:30  WARN 17944 --- [Order] [| Order-admin-0] org.apache.kafka.clients.NetworkClient   : [AdminClient clientId=Order-admin-0] Connection to node -1 (localhost/127.0.0.1:9092) could not be established. Node may not be available.
2026-01-26T12:21:43.866+05:30  INFO 17944 --- [Order] [| Order-admin-0] org.apache.kafka.clients.NetworkClient   : [AdminClient clientId=Order-admin-0] Node -1 disconnected.
2026-01-26T12:21:43.866+05:30  WARN 17944 --- [Order] [| Order-admin-0] org.apache.kafka.clients.NetworkClient   : [AdminClient clientId=Order-admin-0] Connection to node -1 (localhost/127.0.0.1:9092) could not be established. Node may not be available.
2026-01-26T12:21:44.764+05:30  INFO 17944 --- [Order] [| Order-admin-0] org.apache.kafka.clients.NetworkClient   : [AdminClient clientId=Order-admin-0] Node -1 disconnected.
2026-01-26T12:21:44.764+05:30  WARN 17944 --- [Order] [| Order-admin-0] org.apache.kafka.clients.NetworkClient   : [AdminClient clientId=Order-admin-0] Connection to node -1 (localhost/127.0.0.1:9092) could not be established. Node may not be available.
2026-01-26T12:21:45.779+05:30  INFO 17944 --- [Order] [| Order-admin-0] org.apache.kafka.clients.NetworkClient   : [AdminClient clientId=Order-admin-0] Node -1 disconnected.
2026-01-26T12:21:45.779+05:30  WARN 17944 --- [Order] [| Order-admin-0] org.apache.kafka.clients.NetworkClient   : [AdminClient clientId=Order-admin-0] Connection to node -1 (localhost/127.0.0.1:9092) could not be established. Node may not be available.
2026-01-26T12:21:46.789+05:30  INFO 17944 --- [Order] [| Order-admin-0] org.apache.kafka.clients.NetworkClient   : [AdminClient clientId=Order-admin-0] Node -1 disconnected.
2026-01-26T12:21:46.792+05:30  WARN 17944 --- [Order] [| Order-admin-0] org.apache.kafka.clients.NetworkClient   : [AdminClient clientId=Order-admin-0] Connection to node -1 (localhost/127.0.0.1:9092) could not be established. Node may not be available.
2026-01-26T12:21:47.901+05:30  INFO 17944 --- [Order] [| Order-admin-0] org.apache.kafka.clients.NetworkClient   : [AdminClient clientId=Order-admin-0] Node -1 disconnected.
2026-01-26T12:21:47.901+05:30  WARN 17944 --- [Order] [| Order-admin-0] org.apache.kafka.clients.NetworkClient   : [AdminClient clientId=Order-admin-0] Connection to node -1 (localhost/127.0.0.1:9092) could not be established. Node may not be available.
2026-01-26T12:21:48.801+05:30  INFO 17944 --- [Order] [| Order-admin-0] org.apache.kafka.clients.NetworkClient   : [AdminClient clientId=Order-admin-0] Node -1 disconnected.
2026-01-26T12:21:48.801+05:30  WARN 17944 --- [Order] [| Order-admin-0] org.apache.kafka.clients.NetworkClient   : [AdminClient clientId=Order-admin-0] Connection to node -1 (localhost/127.0.0.1:9092) could not be established. Node may not be available.
2026-01-26T12:21:49.814+05:30  INFO 17944 --- [Order] [| Order-admin-0] org.apache.kafka.clients.NetworkClient   : [AdminClient clientId=Order-admin-0] Node -1 disconnected.
2026-01-26T12:21:49.814+05:30  WARN 17944 --- [Order] [| Order-admin-0] org.apache.kafka.clients.NetworkClient   : [AdminClient clientId=Order-admin-0] Connection to node -1 (localhost/127.0.0.1:9092) could not be established. Node may not be available.
2026-01-26T12:21:50.361+05:30  INFO 17944 --- [Order] [| Order-admin-0] o.a.k.c.a.i.AdminMetadataManager         : [AdminClient clientId=Order-admin-0] Metadata update failed

org.apache.kafka.common.errors.TimeoutException: Timed out waiting for a node assignment. Call: fetchMetadata

2026-01-26T12:21:50.361+05:30 ERROR 17944 --- [Order] [           main] o.springframework.kafka.core.KafkaAdmin  : Could not configure topics

java.util.concurrent.TimeoutException: null
	at java.base/java.util.concurrent.CompletableFuture.timedGet(CompletableFuture.java:1960) ~[na:na]
	at java.base/java.util.concurrent.CompletableFuture.get(CompletableFuture.java:2095) ~[na:na]
	at org.apache.kafka.common.internals.KafkaFutureImpl.get(KafkaFutureImpl.java:183) ~[kafka-clients-3.9.1.jar:na]
	at org.springframework.kafka.core.KafkaAdmin.updateClusterId(KafkaAdmin.java:305) ~[spring-kafka-3.3.10.jar:3.3.10]
	at org.springframework.kafka.core.KafkaAdmin.initialize(KafkaAdmin.java:276) ~[spring-kafka-3.3.10.jar:3.3.10]
	at org.springframework.kafka.core.KafkaAdmin.afterSingletonsInstantiated(KafkaAdmin.java:246) ~[spring-kafka-3.3.10.jar:3.3.10]
	at org.springframework.beans.factory.support.DefaultListableBeanFactory.preInstantiateSingletons(DefaultListableBeanFactory.java:1156) ~[spring-beans-6.2.12.jar:6.2.12]
	at org.springframework.context.support.AbstractApplicationContext.finishBeanFactoryInitialization(AbstractApplicationContext.java:990) ~[spring-context-6.2.12.jar:6.2.12]
	at org.springframework.context.support.AbstractApplicationContext.refresh(AbstractApplicationContext.java:627) ~[spring-context-6.2.12.jar:6.2.12]
	at org.springframework.boot.SpringApplication.refresh(SpringApplication.java:752) ~[spring-boot-3.5.7.jar:3.5.7]
	at org.springframework.boot.SpringApplication.refreshContext(SpringApplication.java:439) ~[spring-boot-3.5.7.jar:3.5.7]
	at org.springframework.boot.SpringApplication.run(SpringApplication.java:318) ~[spring-boot-3.5.7.jar:3.5.7]
	at org.springframework.boot.test.context.SpringBootContextLoader.lambda$loadContext$3(SpringBootContextLoader.java:144) ~[spring-boot-test-3.5.7.jar:3.5.7]
	at org.springframework.util.function.ThrowingSupplier.get(ThrowingSupplier.java:58) ~[spring-core-6.2.12.jar:6.2.12]
	at org.springframework.util.function.ThrowingSupplier.get(ThrowingSupplier.java:46) ~[spring-core-6.2.12.jar:6.2.12]
	at org.springframework.boot.SpringApplication.withHook(SpringApplication.java:1461) ~[spring-boot-3.5.7.jar:3.5.7]
	at org.springframework.boot.test.context.SpringBootContextLoader$ContextLoaderHook.run(SpringBootContextLoader.java:563) ~[spring-boot-test-3.5.7.jar:3.5.7]
	at org.springframework.boot.test.context.SpringBootContextLoader.loadContext(SpringBootContextLoader.java:144) ~[spring-boot-test-3.5.7.jar:3.5.7]
	at org.springframework.boot.test.context.SpringBootContextLoader.loadContext(SpringBootContextLoader.java:110) ~[spring-boot-test-3.5.7.jar:3.5.7]
	at org.springframework.test.context.cache.DefaultCacheAwareContextLoaderDelegate.loadContextInternal(DefaultCacheAwareContextLoaderDelegate.java:225) ~[spring-test-6.2.12.jar:6.2.12]
	at org.springframework.test.context.cache.DefaultCacheAwareContextLoaderDelegate.loadContext(DefaultCacheAwareContextLoaderDelegate.java:152) ~[spring-test-6.2.12.jar:6.2.12]
	at org.springframework.test.context.support.DefaultTestContext.getApplicationContext(DefaultTestContext.java:130) ~[spring-test-6.2.12.jar:6.2.12]
	at org.springframework.test.context.web.ServletTestExecutionListener.setUpRequestContextIfNecessary(ServletTestExecutionListener.java:200) ~[spring-test-6.2.12.jar:6.2.12]
	at org.springframework.test.context.web.ServletTestExecutionListener.prepareTestInstance(ServletTestExecutionListener.java:139) ~[spring-test-6.2.12.jar:6.2.12]
	at org.springframework.test.context.TestContextManager.prepareTestInstance(TestContextManager.java:260) ~[spring-test-6.2.12.jar:6.2.12]
	at org.springframework.test.context.junit.jupiter.SpringExtension.postProcessTestInstance(SpringExtension.java:159) ~[spring-test-6.2.12.jar:6.2.12]
	at org.junit.jupiter.engine.descriptor.ClassBasedTestDescriptor.lambda$invokeTestInstancePostProcessors$10(ClassBasedTestDescriptor.java:383) ~[junit-jupiter-engine-5.12.2.jar:5.12.2]
	at org.junit.jupiter.engine.descriptor.ClassBasedTestDescriptor.executeAndMaskThrowable(ClassBasedTestDescriptor.java:388) ~[junit-jupiter-engine-5.12.2.jar:5.12.2]
	at org.junit.jupiter.engine.descriptor.ClassBasedTestDescriptor.lambda$invokeTestInstancePostProcessors$11(ClassBasedTestDescriptor.java:382) ~[junit-jupiter-engine-5.12.2.jar:5.12.2]
	at java.base/java.util.stream.ForEachOps$ForEachOp$OfRef.accept(ForEachOps.java:184) ~[na:na]
	at java.base/java.util.stream.ReferencePipeline$3$1.accept(ReferencePipeline.java:197) ~[na:na]
	at java.base/java.util.stream.ReferencePipeline$2$1.accept(ReferencePipeline.java:179) ~[na:na]
	at java.base/java.util.stream.ReferencePipeline$3$1.accept(ReferencePipeline.java:197) ~[na:na]
	at java.base/java.util.ArrayList$ArrayListSpliterator.forEachRemaining(ArrayList.java:1708) ~[na:na]
	at java.base/java.util.stream.AbstractPipeline.copyInto(AbstractPipeline.java:509) ~[na:na]
	at java.base/java.util.stream.AbstractPipeline.wrapAndCopyInto(AbstractPipeline.java:499) ~[na:na]
	at java.base/java.util.stream.ForEachOps$ForEachOp.evaluateSequential(ForEachOps.java:151) ~[na:na]
	at java.base/java.util.stream.ForEachOps$ForEachOp$OfRef.evaluateSequential(ForEachOps.java:174) ~[na:na]
	at java.base/java.util.stream.AbstractPipeline.evaluate(AbstractPipeline.java:234) ~[na:na]
	at java.base/java.util.stream.ReferencePipeline.forEach(ReferencePipeline.java:596) ~[na:na]
	at org.junit.jupiter.engine.descriptor.ClassBasedTestDescriptor.invokeTestInstancePostProcessors(ClassBasedTestDescriptor.java:382) ~[junit-jupiter-engine-5.12.2.jar:5.12.2]
	at org.junit.jupiter.engine.descriptor.ClassBasedTestDescriptor.lambda$instantiateAndPostProcessTestInstance$6(ClassBasedTestDescriptor.java:293) ~[junit-jupiter-engine-5.12.2.jar:5.12.2]
	at org.junit.platform.engine.support.hierarchical.ThrowableCollector.execute(ThrowableCollector.java:73) ~[junit-platform-engine-1.12.2.jar:1.12.2]
	at org.junit.jupiter.engine.descriptor.ClassBasedTestDescriptor.instantiateAndPostProcessTestInstance(ClassBasedTestDescriptor.java:292) ~[junit-jupiter-engine-5.12.2.jar:5.12.2]
	at org.junit.jupiter.engine.descriptor.ClassBasedTestDescriptor.lambda$testInstancesProvider$4(ClassBasedTestDescriptor.java:281) ~[junit-jupiter-engine-5.12.2.jar:5.12.2]
	at java.base/java.util.Optional.orElseGet(Optional.java:364) ~[na:na]
	at org.junit.jupiter.engine.descriptor.ClassBasedTestDescriptor.lambda$testInstancesProvider$5(ClassBasedTestDescriptor.java:280) ~[junit-jupiter-engine-5.12.2.jar:5.12.2]
	at org.junit.jupiter.engine.execution.TestInstancesProvider.getTestInstances(TestInstancesProvider.java:27) ~[junit-jupiter-engine-5.12.2.jar:5.12.2]
	at org.junit.jupiter.engine.descriptor.TestMethodTestDescriptor.lambda$prepare$0(TestMethodTestDescriptor.java:112) ~[junit-jupiter-engine-5.12.2.jar:5.12.2]
	at org.junit.platform.engine.support.hierarchical.ThrowableCollector.execute(ThrowableCollector.java:73) ~[junit-platform-engine-1.12.2.jar:1.12.2]
	at org.junit.jupiter.engine.descriptor.TestMethodTestDescriptor.prepare(TestMethodTestDescriptor.java:111) ~[junit-jupiter-engine-5.12.2.jar:5.12.2]
	at org.junit.jupiter.engine.descriptor.TestMethodTestDescriptor.prepare(TestMethodTestDescriptor.java:69) ~[junit-jupiter-engine-5.12.2.jar:5.12.2]
	at org.junit.platform.engine.support.hierarchical.NodeTestTask.lambda$prepare$2(NodeTestTask.java:128) ~[junit-platform-engine-1.12.2.jar:1.12.2]
	at org.junit.platform.engine.support.hierarchical.ThrowableCollector.execute(ThrowableCollector.java:73) ~[junit-platform-engine-1.12.2.jar:1.12.2]
	at org.junit.platform.engine.support.hierarchical.NodeTestTask.prepare(NodeTestTask.java:128) ~[junit-platform-engine-1.12.2.jar:1.12.2]
	at org.junit.platform.engine.support.hierarchical.NodeTestTask.execute(NodeTestTask.java:95) ~[junit-platform-engine-1.12.2.jar:1.12.2]
	at java.base/java.util.ArrayList.forEach(ArrayList.java:1596) ~[na:na]
	at org.junit.platform.engine.support.hierarchical.SameThreadHierarchicalTestExecutorService.invokeAll(SameThreadHierarchicalTestExecutorService.java:41) ~[junit-platform-engine-1.12.2.jar:1.12.2]
	at org.junit.platform.engine.support.hierarchical.NodeTestTask.lambda$executeRecursively$6(NodeTestTask.java:160) ~[junit-platform-engine-1.12.2.jar:1.12.2]
	at org.junit.platform.engine.support.hierarchical.ThrowableCollector.execute(ThrowableCollector.java:73) ~[junit-platform-engine-1.12.2.jar:1.12.2]
	at org.junit.platform.engine.support.hierarchical.NodeTestTask.lambda$executeRecursively$8(NodeTestTask.java:146) ~[junit-platform-engine-1.12.2.jar:1.12.2]
	at org.junit.platform.engine.support.hierarchical.Node.around(Node.java:137) ~[junit-platform-engine-1.12.2.jar:1.12.2]
	at org.junit.platform.engine.support.hierarchical.NodeTestTask.lambda$executeRecursively$9(NodeTestTask.java:144) ~[junit-platform-engine-1.12.2.jar:1.12.2]
	at org.junit.platform.engine.support.hierarchical.ThrowableCollector.execute(ThrowableCollector.java:73) ~[junit-platform-engine-1.12.2.jar:1.12.2]
	at org.junit.platform.engine.support.hierarchical.NodeTestTask.executeRecursively(NodeTestTask.java:143) ~[junit-platform-engine-1.12.2.jar:1.12.2]
	at org.junit.platform.engine.support.hierarchical.NodeTestTask.execute(NodeTestTask.java:100) ~[junit-platform-engine-1.12.2.jar:1.12.2]
	at java.base/java.util.ArrayList.forEach(ArrayList.java:1596) ~[na:na]
	at org.junit.platform.engine.support.hierarchical.SameThreadHierarchicalTestExecutorService.invokeAll(SameThreadHierarchicalTestExecutorService.java:41) ~[junit-platform-engine-1.12.2.jar:1.12.2]
	at org.junit.platform.engine.support.hierarchical.NodeTestTask.lambda$executeRecursively$6(NodeTestTask.java:160) ~[junit-platform-engine-1.12.2.jar:1.12.2]
	at org.junit.platform.engine.support.hierarchical.ThrowableCollector.execute(ThrowableCollector.java:73) ~[junit-platform-engine-1.12.2.jar:1.12.2]
	at org.junit.platform.engine.support.hierarchical.NodeTestTask.lambda$executeRecursively$8(NodeTestTask.java:146) ~[junit-platform-engine-1.12.2.jar:1.12.2]
	at org.junit.platform.engine.support.hierarchical.Node.around(Node.java:137) ~[junit-platform-engine-1.12.2.jar:1.12.2]
	at org.junit.platform.engine.support.hierarchical.NodeTestTask.lambda$executeRecursively$9(NodeTestTask.java:144) ~[junit-platform-engine-1.12.2.jar:1.12.2]
	at org.junit.platform.engine.support.hierarchical.ThrowableCollector.execute(ThrowableCollector.java:73) ~[junit-platform-engine-1.12.2.jar:1.12.2]
	at org.junit.platform.engine.support.hierarchical.NodeTestTask.executeRecursively(NodeTestTask.java:143) ~[junit-platform-engine-1.12.2.jar:1.12.2]
	at org.junit.platform.engine.support.hierarchical.NodeTestTask.execute(NodeTestTask.java:100) ~[junit-platform-engine-1.12.2.jar:1.12.2]
	at org.junit.platform.engine.support.hierarchical.SameThreadHierarchicalTestExecutorService.submit(SameThreadHierarchicalTestExecutorService.java:35) ~[junit-platform-engine-1.12.2.jar:1.12.2]
	at org.junit.platform.engine.support.hierarchical.HierarchicalTestExecutor.execute(HierarchicalTestExecutor.java:57) ~[junit-platform-engine-1.12.2.jar:1.12.2]
	at org.junit.platform.engine.support.hierarchical.HierarchicalTestEngine.execute(HierarchicalTestEngine.java:54) ~[junit-platform-engine-1.12.2.jar:1.12.2]
	at org.junit.platform.launcher.core.EngineExecutionOrchestrator.execute(EngineExecutionOrchestrator.java:201) ~[junit-platform-launcher-1.12.2.jar:1.12.2]
	at org.junit.platform.launcher.core.EngineExecutionOrchestrator.execute(EngineExecutionOrchestrator.java:170) ~[junit-platform-launcher-1.12.2.jar:1.12.2]
	at org.junit.platform.launcher.core.EngineExecutionOrchestrator.execute(EngineExecutionOrchestrator.java:94) ~[junit-platform-launcher-1.12.2.jar:1.12.2]
	at org.junit.platform.launcher.core.EngineExecutionOrchestrator.lambda$execute$0(EngineExecutionOrchestrator.java:59) ~[junit-platform-launcher-1.12.2.jar:1.12.2]
	at org.junit.platform.launcher.core.EngineExecutionOrchestrator.withInterceptedStreams(EngineExecutionOrchestrator.java:142) ~[junit-platform-launcher-1.12.2.jar:1.12.2]
	at org.junit.platform.launcher.core.EngineExecutionOrchestrator.execute(EngineExecutionOrchestrator.java:58) ~[junit-platform-launcher-1.12.2.jar:1.12.2]
	at org.junit.platform.launcher.core.DefaultLauncher.execute(DefaultLauncher.java:103) ~[junit-platform-launcher-1.12.2.jar:1.12.2]
	at org.junit.platform.launcher.core.DefaultLauncher.execute(DefaultLauncher.java:85) ~[junit-platform-launcher-1.12.2.jar:1.12.2]
	at org.junit.platform.launcher.core.DelegatingLauncher.execute(DelegatingLauncher.java:47) ~[junit-platform-launcher-1.12.2.jar:1.12.2]
	at org.junit.platform.launcher.core.InterceptingLauncher.lambda$execute$1(InterceptingLauncher.java:39) ~[junit-platform-launcher-1.12.2.jar:1.12.2]
	at org.junit.platform.launcher.core.ClasspathAlignmentCheckingLauncherInterceptor.intercept(ClasspathAlignmentCheckingLauncherInterceptor.java:25) ~[junit-platform-launcher-1.12.2.jar:1.12.2]
	at org.junit.platform.launcher.core.InterceptingLauncher.execute(InterceptingLauncher.java:38) ~[junit-platform-launcher-1.12.2.jar:1.12.2]
	at org.junit.platform.launcher.core.DelegatingLauncher.execute(DelegatingLauncher.java:47) ~[junit-platform-launcher-1.12.2.jar:1.12.2]
	at org.apache.maven.surefire.junitplatform.LauncherAdapter.executeWithoutCancellationToken(LauncherAdapter.java:60) ~[surefire-junit-platform-3.5.4.jar:3.5.4]
	at org.apache.maven.surefire.junitplatform.LauncherAdapter.execute(LauncherAdapter.java:52) ~[surefire-junit-platform-3.5.4.jar:3.5.4]
	at org.apache.maven.surefire.junitplatform.JUnitPlatformProvider.execute(JUnitPlatformProvider.java:203) ~[surefire-junit-platform-3.5.4.jar:3.5.4]
	at org.apache.maven.surefire.junitplatform.JUnitPlatformProvider.invokeAllTests(JUnitPlatformProvider.java:168) ~[surefire-junit-platform-3.5.4.jar:3.5.4]
	at org.apache.maven.surefire.junitplatform.JUnitPlatformProvider.invoke(JUnitPlatformProvider.java:136) ~[surefire-junit-platform-3.5.4.jar:3.5.4]
	at org.apache.maven.surefire.booter.ForkedBooter.runSuitesInProcess(ForkedBooter.java:385) ~[surefire-booter-3.5.4.jar:3.5.4]
	at org.apache.maven.surefire.booter.ForkedBooter.execute(ForkedBooter.java:162) ~[surefire-booter-3.5.4.jar:3.5.4]
	at org.apache.maven.surefire.booter.ForkedBooter.run(ForkedBooter.java:507) ~[surefire-booter-3.5.4.jar:3.5.4]
	at org.apache.maven.surefire.booter.ForkedBooter.main(ForkedBooter.java:495) ~[surefire-booter-3.5.4.jar:3.5.4]

2026-01-26T12:21:50.838+05:30  INFO 17944 --- [Order] [| Order-admin-0] org.apache.kafka.clients.NetworkClient   : [AdminClient clientId=Order-admin-0] Node -1 disconnected.
2026-01-26T12:21:50.838+05:30  WARN 17944 --- [Order] [| Order-admin-0] org.apache.kafka.clients.NetworkClient   : [AdminClient clientId=Order-admin-0] Connection to node -1 (localhost/127.0.0.1:9092) could not be established. Node may not be available.
2026-01-26T12:21:51.843+05:30  INFO 17944 --- [Order] [| Order-admin-0] org.apache.kafka.clients.NetworkClient   : [AdminClient clientId=Order-admin-0] Node -1 disconnected.
2026-01-26T12:21:51.843+05:30  WARN 17944 --- [Order] [| Order-admin-0] org.apache.kafka.clients.NetworkClient   : [AdminClient clientId=Order-admin-0] Connection to node -1 (localhost/127.0.0.1:9092) could not be established. Node may not be available.
2026-01-26T12:21:52.846+05:30  INFO 17944 --- [Order] [| Order-admin-0] org.apache.kafka.clients.NetworkClient   : [AdminClient clientId=Order-admin-0] Node -1 disconnected.
2026-01-26T12:21:52.846+05:30  WARN 17944 --- [Order] [| Order-admin-0] org.apache.kafka.clients.NetworkClient   : [AdminClient clientId=Order-admin-0] Connection to node -1 (localhost/127.0.0.1:9092) could not be established. Node may not be available.
2026-01-26T12:21:53.847+05:30  INFO 17944 --- [Order] [| Order-admin-0] org.apache.kafka.clients.NetworkClient   : [AdminClient clientId=Order-admin-0] Node -1 disconnected.
2026-01-26T12:21:53.847+05:30  WARN 17944 --- [Order] [| Order-admin-0] org.apache.kafka.clients.NetworkClient   : [AdminClient clientId=Order-admin-0] Connection to node -1 (localhost/127.0.0.1:9092) could not be established. Node may not be available.
2026-01-26T12:21:54.853+05:30  INFO 17944 --- [Order] [| Order-admin-0] org.apache.kafka.clients.NetworkClient   : [AdminClient clientId=Order-admin-0] Node -1 disconnected.
2026-01-26T12:21:54.853+05:30  WARN 17944 --- [Order] [| Order-admin-0] org.apache.kafka.clients.NetworkClient   : [AdminClient clientId=Order-admin-0] Connection to node -1 (localhost/127.0.0.1:9092) could not be established. Node may not be available.
2026-01-26T12:21:55.747+05:30  INFO 17944 --- [Order] [| Order-admin-0] org.apache.kafka.clients.NetworkClient   : [AdminClient clientId=Order-admin-0] Node -1 disconnected.
2026-01-26T12:21:55.747+05:30  WARN 17944 --- [Order] [| Order-admin-0] org.apache.kafka.clients.NetworkClient   : [AdminClient clientId=Order-admin-0] Connection to node -1 (localhost/127.0.0.1:9092) could not be established. Node may not be available.
2026-01-26T12:21:56.753+05:30  INFO 17944 --- [Order] [| Order-admin-0] org.apache.kafka.clients.NetworkClient   : [AdminClient clientId=Order-admin-0] Node -1 disconnected.
2026-01-26T12:21:56.753+05:30  WARN 17944 --- [Order] [| Order-admin-0] org.apache.kafka.clients.NetworkClient   : [AdminClient clientId=Order-admin-0] Connection to node -1 (localhost/127.0.0.1:9092) could not be established. Node may not be available.
2026-01-26T12:21:57.644+05:30  INFO 17944 --- [Order] [| Order-admin-0] org.apache.kafka.clients.NetworkClient   : [AdminClient clientId=Order-admin-0] Node -1 disconnected.
2026-01-26T12:21:57.645+05:30  WARN 17944 --- [Order] [| Order-admin-0] org.apache.kafka.clients.NetworkClient   : [AdminClient clientId=Order-admin-0] Connection to node -1 (localhost/127.0.0.1:9092) could not be established. Node may not be available.
2026-01-26T12:21:58.754+05:30  INFO 17944 --- [Order] [| Order-admin-0] org.apache.kafka.clients.NetworkClient   : [AdminClient clientId=Order-admin-0] Node -1 disconnected.
2026-01-26T12:21:58.754+05:30  WARN 17944 --- [Order] [| Order-admin-0] org.apache.kafka.clients.NetworkClient   : [AdminClient clientId=Order-admin-0] Connection to node -1 (localhost/127.0.0.1:9092) could not be established. Node may not be available.
2026-01-26T12:21:59.743+05:30  INFO 17944 --- [Order] [| Order-admin-0] org.apache.kafka.clients.NetworkClient   : [AdminClient clientId=Order-admin-0] Node -1 disconnected.
2026-01-26T12:21:59.743+05:30  WARN 17944 --- [Order] [| Order-admin-0] org.apache.kafka.clients.NetworkClient   : [AdminClient clientId=Order-admin-0] Connection to node -1 (localhost/127.0.0.1:9092) could not be established. Node may not be available.
2026-01-26T12:22:00.393+05:30  INFO 17944 --- [Order] [| Order-admin-0] o.a.k.clients.admin.KafkaAdminClient     : [AdminClient clientId=Order-admin-0] Forcing a hard I/O thread shutdown. Requests in progress will be aborted.
2026-01-26T12:22:00.394+05:30  INFO 17944 --- [Order] [| Order-admin-0] o.a.kafka.common.utils.AppInfoParser     : App info kafka.admin.client for Order-admin-0 unregistered
2026-01-26T12:22:00.396+05:30  INFO 17944 --- [Order] [| Order-admin-0] o.a.k.c.a.i.AdminMetadataManager         : [AdminClient clientId=Order-admin-0] Metadata update failed

org.apache.kafka.common.errors.TimeoutException: The AdminClient thread has exited. Call: fetchMetadata

2026-01-26T12:22:00.396+05:30  INFO 17944 --- [Order] [| Order-admin-0] o.a.k.clients.admin.KafkaAdminClient     : [AdminClient clientId=Order-admin-0] Timed out 2 remaining operation(s) during close.
2026-01-26T12:22:00.407+05:30  INFO 17944 --- [Order] [| Order-admin-0] o.apache.kafka.common.metrics.Metrics    : Metrics scheduler closed
2026-01-26T12:22:00.407+05:30  INFO 17944 --- [Order] [| Order-admin-0] o.apache.kafka.common.metrics.Metrics    : Closing reporter org.apache.kafka.common.metrics.JmxReporter
2026-01-26T12:22:00.407+05:30  INFO 17944 --- [Order] [| Order-admin-0] o.apache.kafka.common.metrics.Metrics    : Metrics reporters closed
2026-01-26T12:22:00.503+05:30  INFO 17944 --- [Order] [           main] com.order.OrderApplicationTests          : Started OrderApplicationTests in 67.632 seconds (process running for 71.074)
]]></system-out>
    <system-err><![CDATA[Mockito is currently self-attaching to enable the inline-mock-maker. This will no longer work in future releases of the JDK. Please add Mockito as an agent to your build as described in Mockito's documentation: https://javadoc.io/doc/org.mockito/mockito-core/latest/org.mockito/org/mockito/Mockito.html#0.3
WARNING: A Java agent has been loaded dynamically (C:\Users\Dell\.m2\repository\net\bytebuddy\byte-buddy-agent\1.17.8\byte-buddy-agent-1.17.8.jar)
WARNING: If a serviceability tool is in use, please run with -XX:+EnableDynamicAgentLoading to hide this warning
WARNING: If a serviceability tool is not in use, please run with -Djdk.instrument.traceUsage for more information
WARNING: Dynamic loading of agents will be disallowed by default in a future release
]]></system-err>
  </testcase>
</testsuite>